cl : Command line warning D9002: ignoring unknown option '/arch:SSE2'
  Source.cpp
g:\users\dung123\documents\visual studio 2015\projects\michel\michel\consensus.h(32): warning C4244: 'initializing': conversion from 'double' to 'unsigned __int64', possible loss of data
g:\users\dung123\documents\visual studio 2015\projects\michel\michel\source.cpp(8): warning C4101: 'a': unreferenced local variable
  Grap.cpp
g:\users\dung123\documents\visual studio 2015\projects\michel\michel\grap.cpp(18): warning C4244: 'argument': conversion from 'time_t' to 'unsigned int', possible loss of data
g:\users\dung123\documents\visual studio 2015\projects\michel\michel\grap.cpp(22): warning C4267: 'argument': conversion from 'size_t' to 'int', possible loss of data
g:\users\dung123\documents\visual studio 2015\projects\michel\michel\grap.cpp(42): warning C4244: 'argument': conversion from 'time_t' to 'unsigned int', possible loss of data
g:\users\dung123\documents\visual studio 2015\projects\michel\michel\grap.cpp(46): warning C4267: 'argument': conversion from 'size_t' to 'int', possible loss of data
g:\users\dung123\documents\visual studio 2015\projects\michel\michel\grap.cpp(89): warning C4267: 'argument': conversion from 'size_t' to 'int', possible loss of data
g:\users\dung123\documents\visual studio 2015\projects\michel\michel\grap.cpp(125): warning C4267: 'return': conversion from 'size_t' to 'int', possible loss of data
  Consensus.cpp
g:\users\dung123\documents\visual studio 2015\projects\michel\michel\consensus.h(32): warning C4244: 'initializing': conversion from 'double' to 'unsigned __int64', possible loss of data
g:\users\dung123\documents\visual studio 2015\projects\michel\michel\consensus.cpp(20): warning C4267: 'argument': conversion from 'size_t' to 'int', possible loss of data
g:\users\dung123\documents\visual studio 2015\projects\michel\michel\consensus.cpp(21): warning C4267: 'argument': conversion from 'size_t' to 'int', possible loss of data
g:\users\dung123\documents\visual studio 2015\projects\michel\michel\consensus.cpp(33): warning C4267: 'argument': conversion from 'size_t' to 'int', possible loss of data
g:\users\dung123\documents\visual studio 2015\projects\michel\michel\consensus.cpp(67): warning C4267: 'argument': conversion from 'size_t' to 'int', possible loss of data
g:\users\dung123\documents\visual studio 2015\projects\michel\michel\consensus.cpp(68): warning C4267: 'argument': conversion from 'size_t' to 'int', possible loss of data
g:\users\dung123\documents\visual studio 2015\projects\michel\michel\consensus.cpp(69): warning C4267: 'argument': conversion from 'size_t' to 'int', possible loss of data
g:\users\dung123\documents\visual studio 2015\projects\michel\michel\consensus.cpp(78): warning C4267: 'argument': conversion from 'size_t' to 'int', possible loss of data
  Attacker.cpp
g:\users\dung123\documents\visual studio 2015\projects\michel\michel\attacker.cpp(22): warning C4267: 'argument': conversion from 'size_t' to 'int', possible loss of data
g:\users\dung123\documents\visual studio 2015\projects\michel\michel\attacker.cpp(27): warning C4244: '=': conversion from 'double' to 'int', possible loss of data
  Generating Code...
  Michel.vcxproj -> G:\Users\dung123\documents\visual studio 2015\Projects\Michel\x64\Debug\Michel.exe
